<?xml version="1.0" encoding="UTF-8"?>
<testsuite xmlns:xsi="http://www.w3.org/2001/XMLSchema-instance" xsi:noNamespaceSchemaLocation="https://maven.apache.org/surefire/maven-surefire-plugin/xsd/surefire-test-report-3.0.xsd" version="3.0" name="CalculatorTest" time="0.066" tests="5" errors="0" skipped="0" failures="0">
  <properties>
[...]
</properties>
  <testcase name="testMultiplication" classname="CalculatorTest" time="0.009">
    <system-out><![CDATA[Setup: Calculator initialized.
Teardown: Calculator cleaned up.
]]></system-out>
  </testcase>
  <testcase name="testAddition" classname="CalculatorTest" time="0.002">
    <system-out><![CDATA[Setup: Calculator initialized.
Teardown: Calculator cleaned up.
]]></system-out>
  </testcase>
  <testcase name="testDivisionByZero" classname="CalculatorTest" time="0.002">
    <system-out><![CDATA[Setup: Calculator initialized.
Teardown: Calculator cleaned up.
]]></system-out>
  </testcase>
  <testcase name="testDivision" classname="CalculatorTest" time="0.001">
    <system-out><![CDATA[Setup: Calculator initialized.
Teardown: Calculator cleaned up.
]]></system-out>
  </testcase>
  <testcase name="testSubtraction" classname="CalculatorTest" time="0.001">
    <system-out><![CDATA[Setup: Calculator initialized.
Teardown: Calculator cleaned up.
]]></system-out>
  </testcase>
</testsuite>